G75*
%MOIN*%
%OFA0B0*%
%FSLAX25Y25*%
%IPPOS*%
%LPD*%
%AMOC8*
5,1,8,0,0,1.08239X$1,22.5*
%
%ADD10C,0.02500*%
D10*
X0009750Y0012250D02*
X0032250Y0012250D01*
X0032390Y0012248D01*
X0032530Y0012242D01*
X0032670Y0012232D01*
X0032810Y0012219D01*
X0032949Y0012201D01*
X0033088Y0012179D01*
X0033225Y0012154D01*
X0033363Y0012125D01*
X0033499Y0012092D01*
X0033634Y0012055D01*
X0033768Y0012014D01*
X0033901Y0011969D01*
X0034033Y0011921D01*
X0034163Y0011869D01*
X0034292Y0011814D01*
X0034419Y0011755D01*
X0034545Y0011692D01*
X0034669Y0011626D01*
X0034790Y0011557D01*
X0034910Y0011484D01*
X0035028Y0011407D01*
X0035143Y0011328D01*
X0035257Y0011245D01*
X0035367Y0011159D01*
X0035476Y0011070D01*
X0035582Y0010978D01*
X0035685Y0010883D01*
X0035786Y0010786D01*
X0035883Y0010685D01*
X0035978Y0010582D01*
X0036070Y0010476D01*
X0036159Y0010367D01*
X0036245Y0010257D01*
X0036328Y0010143D01*
X0036407Y0010028D01*
X0036484Y0009910D01*
X0036557Y0009790D01*
X0036626Y0009669D01*
X0036692Y0009545D01*
X0036755Y0009419D01*
X0036814Y0009292D01*
X0036869Y0009163D01*
X0036921Y0009033D01*
X0036969Y0008901D01*
X0037014Y0008768D01*
X0037055Y0008634D01*
X0037092Y0008499D01*
X0037125Y0008363D01*
X0037154Y0008225D01*
X0037179Y0008088D01*
X0037201Y0007949D01*
X0037219Y0007810D01*
X0037232Y0007670D01*
X0037242Y0007530D01*
X0037248Y0007390D01*
X0037250Y0007250D01*
X0037252Y0007110D01*
X0037258Y0006970D01*
X0037268Y0006830D01*
X0037281Y0006690D01*
X0037299Y0006551D01*
X0037321Y0006412D01*
X0037346Y0006275D01*
X0037375Y0006137D01*
X0037408Y0006001D01*
X0037445Y0005866D01*
X0037486Y0005732D01*
X0037531Y0005599D01*
X0037579Y0005467D01*
X0037631Y0005337D01*
X0037686Y0005208D01*
X0037745Y0005081D01*
X0037808Y0004955D01*
X0037874Y0004831D01*
X0037943Y0004710D01*
X0038016Y0004590D01*
X0038093Y0004472D01*
X0038172Y0004357D01*
X0038255Y0004243D01*
X0038341Y0004133D01*
X0038430Y0004024D01*
X0038522Y0003918D01*
X0038617Y0003815D01*
X0038714Y0003714D01*
X0038815Y0003617D01*
X0038918Y0003522D01*
X0039024Y0003430D01*
X0039133Y0003341D01*
X0039243Y0003255D01*
X0039357Y0003172D01*
X0039472Y0003093D01*
X0039590Y0003016D01*
X0039710Y0002943D01*
X0039831Y0002874D01*
X0039955Y0002808D01*
X0040081Y0002745D01*
X0040208Y0002686D01*
X0040337Y0002631D01*
X0040467Y0002579D01*
X0040599Y0002531D01*
X0040732Y0002486D01*
X0040866Y0002445D01*
X0041001Y0002408D01*
X0041137Y0002375D01*
X0041275Y0002346D01*
X0041412Y0002321D01*
X0041551Y0002299D01*
X0041690Y0002281D01*
X0041830Y0002268D01*
X0041970Y0002258D01*
X0042110Y0002252D01*
X0042250Y0002250D01*
X0059750Y0002250D01*
X0059848Y0002252D01*
X0059946Y0002258D01*
X0060044Y0002267D01*
X0060141Y0002281D01*
X0060238Y0002298D01*
X0060334Y0002319D01*
X0060429Y0002344D01*
X0060523Y0002372D01*
X0060615Y0002405D01*
X0060707Y0002440D01*
X0060797Y0002480D01*
X0060885Y0002522D01*
X0060972Y0002569D01*
X0061056Y0002618D01*
X0061139Y0002671D01*
X0061219Y0002727D01*
X0061298Y0002787D01*
X0061374Y0002849D01*
X0061447Y0002914D01*
X0061518Y0002982D01*
X0061586Y0003053D01*
X0061651Y0003126D01*
X0061713Y0003202D01*
X0061773Y0003281D01*
X0061829Y0003361D01*
X0061882Y0003444D01*
X0061931Y0003528D01*
X0061978Y0003615D01*
X0062020Y0003703D01*
X0062060Y0003793D01*
X0062095Y0003885D01*
X0062128Y0003977D01*
X0062156Y0004071D01*
X0062181Y0004166D01*
X0062202Y0004262D01*
X0062219Y0004359D01*
X0062233Y0004456D01*
X0062242Y0004554D01*
X0062248Y0004652D01*
X0062250Y0004750D01*
X0062250Y0059750D01*
X0062248Y0059848D01*
X0062242Y0059946D01*
X0062233Y0060044D01*
X0062219Y0060141D01*
X0062202Y0060238D01*
X0062181Y0060334D01*
X0062156Y0060429D01*
X0062128Y0060523D01*
X0062095Y0060615D01*
X0062060Y0060707D01*
X0062020Y0060797D01*
X0061978Y0060885D01*
X0061931Y0060972D01*
X0061882Y0061056D01*
X0061829Y0061139D01*
X0061773Y0061219D01*
X0061713Y0061298D01*
X0061651Y0061374D01*
X0061586Y0061447D01*
X0061518Y0061518D01*
X0061447Y0061586D01*
X0061374Y0061651D01*
X0061298Y0061713D01*
X0061219Y0061773D01*
X0061139Y0061829D01*
X0061056Y0061882D01*
X0060972Y0061931D01*
X0060885Y0061978D01*
X0060797Y0062020D01*
X0060707Y0062060D01*
X0060615Y0062095D01*
X0060523Y0062128D01*
X0060429Y0062156D01*
X0060334Y0062181D01*
X0060238Y0062202D01*
X0060141Y0062219D01*
X0060044Y0062233D01*
X0059946Y0062242D01*
X0059848Y0062248D01*
X0059750Y0062250D01*
X0042250Y0062250D01*
X0042110Y0062248D01*
X0041970Y0062242D01*
X0041830Y0062232D01*
X0041690Y0062219D01*
X0041551Y0062201D01*
X0041412Y0062179D01*
X0041275Y0062154D01*
X0041137Y0062125D01*
X0041001Y0062092D01*
X0040866Y0062055D01*
X0040732Y0062014D01*
X0040599Y0061969D01*
X0040467Y0061921D01*
X0040337Y0061869D01*
X0040208Y0061814D01*
X0040081Y0061755D01*
X0039955Y0061692D01*
X0039831Y0061626D01*
X0039710Y0061557D01*
X0039590Y0061484D01*
X0039472Y0061407D01*
X0039357Y0061328D01*
X0039243Y0061245D01*
X0039133Y0061159D01*
X0039024Y0061070D01*
X0038918Y0060978D01*
X0038815Y0060883D01*
X0038714Y0060786D01*
X0038617Y0060685D01*
X0038522Y0060582D01*
X0038430Y0060476D01*
X0038341Y0060367D01*
X0038255Y0060257D01*
X0038172Y0060143D01*
X0038093Y0060028D01*
X0038016Y0059910D01*
X0037943Y0059790D01*
X0037874Y0059669D01*
X0037808Y0059545D01*
X0037745Y0059419D01*
X0037686Y0059292D01*
X0037631Y0059163D01*
X0037579Y0059033D01*
X0037531Y0058901D01*
X0037486Y0058768D01*
X0037445Y0058634D01*
X0037408Y0058499D01*
X0037375Y0058363D01*
X0037346Y0058225D01*
X0037321Y0058088D01*
X0037299Y0057949D01*
X0037281Y0057810D01*
X0037268Y0057670D01*
X0037258Y0057530D01*
X0037252Y0057390D01*
X0037250Y0057250D01*
X0037248Y0057152D01*
X0037242Y0057054D01*
X0037233Y0056956D01*
X0037219Y0056859D01*
X0037202Y0056762D01*
X0037181Y0056666D01*
X0037156Y0056571D01*
X0037128Y0056477D01*
X0037095Y0056385D01*
X0037060Y0056293D01*
X0037020Y0056203D01*
X0036978Y0056115D01*
X0036931Y0056028D01*
X0036882Y0055944D01*
X0036829Y0055861D01*
X0036773Y0055781D01*
X0036713Y0055702D01*
X0036651Y0055626D01*
X0036586Y0055553D01*
X0036518Y0055482D01*
X0036447Y0055414D01*
X0036374Y0055349D01*
X0036298Y0055287D01*
X0036219Y0055227D01*
X0036139Y0055171D01*
X0036056Y0055118D01*
X0035972Y0055069D01*
X0035885Y0055022D01*
X0035797Y0054980D01*
X0035707Y0054940D01*
X0035615Y0054905D01*
X0035523Y0054872D01*
X0035429Y0054844D01*
X0035334Y0054819D01*
X0035238Y0054798D01*
X0035141Y0054781D01*
X0035044Y0054767D01*
X0034946Y0054758D01*
X0034848Y0054752D01*
X0034750Y0054750D01*
X0012250Y0054750D01*
X0012008Y0054747D01*
X0011767Y0054738D01*
X0011526Y0054724D01*
X0011285Y0054703D01*
X0011045Y0054677D01*
X0010805Y0054645D01*
X0010566Y0054607D01*
X0010329Y0054564D01*
X0010092Y0054514D01*
X0009857Y0054459D01*
X0009623Y0054399D01*
X0009391Y0054332D01*
X0009160Y0054261D01*
X0008931Y0054183D01*
X0008704Y0054100D01*
X0008479Y0054012D01*
X0008256Y0053918D01*
X0008036Y0053819D01*
X0007818Y0053714D01*
X0007603Y0053605D01*
X0007390Y0053490D01*
X0007180Y0053370D01*
X0006974Y0053245D01*
X0006770Y0053115D01*
X0006569Y0052980D01*
X0006372Y0052840D01*
X0006178Y0052696D01*
X0005988Y0052547D01*
X0005802Y0052393D01*
X0005619Y0052235D01*
X0005440Y0052073D01*
X0005265Y0051906D01*
X0005094Y0051735D01*
X0004927Y0051560D01*
X0004765Y0051381D01*
X0004607Y0051198D01*
X0004453Y0051012D01*
X0004304Y0050822D01*
X0004160Y0050628D01*
X0004020Y0050431D01*
X0003885Y0050230D01*
X0003755Y0050026D01*
X0003630Y0049820D01*
X0003510Y0049610D01*
X0003395Y0049397D01*
X0003286Y0049182D01*
X0003181Y0048964D01*
X0003082Y0048744D01*
X0002988Y0048521D01*
X0002900Y0048296D01*
X0002817Y0048069D01*
X0002739Y0047840D01*
X0002668Y0047609D01*
X0002601Y0047377D01*
X0002541Y0047143D01*
X0002486Y0046908D01*
X0002436Y0046671D01*
X0002393Y0046434D01*
X0002355Y0046195D01*
X0002323Y0045955D01*
X0002297Y0045715D01*
X0002276Y0045474D01*
X0002262Y0045233D01*
X0002253Y0044992D01*
X0002250Y0044750D01*
X0002250Y0019750D01*
X0002252Y0019569D01*
X0002259Y0019388D01*
X0002270Y0019207D01*
X0002285Y0019026D01*
X0002305Y0018846D01*
X0002329Y0018666D01*
X0002357Y0018487D01*
X0002390Y0018309D01*
X0002427Y0018132D01*
X0002468Y0017955D01*
X0002513Y0017780D01*
X0002563Y0017605D01*
X0002617Y0017432D01*
X0002675Y0017261D01*
X0002737Y0017090D01*
X0002804Y0016922D01*
X0002874Y0016755D01*
X0002948Y0016589D01*
X0003027Y0016426D01*
X0003109Y0016265D01*
X0003195Y0016105D01*
X0003285Y0015948D01*
X0003379Y0015793D01*
X0003476Y0015640D01*
X0003578Y0015490D01*
X0003682Y0015342D01*
X0003791Y0015196D01*
X0003902Y0015054D01*
X0004018Y0014914D01*
X0004136Y0014777D01*
X0004258Y0014642D01*
X0004383Y0014511D01*
X0004511Y0014383D01*
X0004642Y0014258D01*
X0004777Y0014136D01*
X0004914Y0014018D01*
X0005054Y0013902D01*
X0005196Y0013791D01*
X0005342Y0013682D01*
X0005490Y0013578D01*
X0005640Y0013476D01*
X0005793Y0013379D01*
X0005948Y0013285D01*
X0006105Y0013195D01*
X0006265Y0013109D01*
X0006426Y0013027D01*
X0006589Y0012948D01*
X0006755Y0012874D01*
X0006922Y0012804D01*
X0007090Y0012737D01*
X0007261Y0012675D01*
X0007432Y0012617D01*
X0007605Y0012563D01*
X0007780Y0012513D01*
X0007955Y0012468D01*
X0008132Y0012427D01*
X0008309Y0012390D01*
X0008487Y0012357D01*
X0008666Y0012329D01*
X0008846Y0012305D01*
X0009026Y0012285D01*
X0009207Y0012270D01*
X0009388Y0012259D01*
X0009569Y0012252D01*
X0009750Y0012250D01*
M02*
